TN:
SF:src/aircraft.ts
FNF:0
FNH:0
DA:5,0
LF:1
LH:0
BRF:0
BRH:0
end_of_record
TN:
SF:src/airlines.ts
FN:7,(anonymous_0)
FNF:1
FNH:0
FNDA:0,(anonymous_0)
DA:7,0
DA:8,0
DA:10,0
LF:3
LH:0
BRDA:8,0,0,0
BRDA:8,0,1,0
BRF:2
BRH:0
end_of_record
TN:
SF:src/airports.ts
FN:5,(anonymous_0)
FNF:1
FNH:0
FNDA:0,(anonymous_0)
DA:5,0
DA:6,0
DA:8,0
DA:9,0
DA:13,0
DA:17,0
LF:6
LH:0
BRDA:8,0,0,0
BRDA:8,0,1,0
BRF:2
BRH:0
end_of_record
TN:
SF:src/api.ts
FN:79,createMcpServer
FN:92,(anonymous_8)
FN:92,(anonymous_9)
FN:98,(anonymous_10)
FN:98,(anonymous_11)
FN:189,(anonymous_12)
FN:197,(anonymous_13)
FN:203,(anonymous_14)
FN:203,(anonymous_15)
FN:212,(anonymous_16)
FN:212,(anonymous_17)
FN:225,(anonymous_18)
FN:225,(anonymous_19)
FN:241,(anonymous_20)
FN:241,(anonymous_21)
FN:255,(anonymous_22)
FN:255,(anonymous_23)
FN:267,(anonymous_24)
FN:268,(anonymous_25)
FN:275,(anonymous_26)
FN:315,(anonymous_27)
FN:315,(anonymous_28)
FNF:22
FNH:0
FNDA:0,createMcpServer
FNDA:0,(anonymous_8)
FNDA:0,(anonymous_9)
FNDA:0,(anonymous_10)
FNDA:0,(anonymous_11)
FNDA:0,(anonymous_12)
FNDA:0,(anonymous_13)
FNDA:0,(anonymous_14)
FNDA:0,(anonymous_15)
FNDA:0,(anonymous_16)
FNDA:0,(anonymous_17)
FNDA:0,(anonymous_18)
FNDA:0,(anonymous_19)
FNDA:0,(anonymous_20)
FNDA:0,(anonymous_21)
FNDA:0,(anonymous_22)
FNDA:0,(anonymous_23)
FNDA:0,(anonymous_24)
FNDA:0,(anonymous_25)
FNDA:0,(anonymous_26)
FNDA:0,(anonymous_27)
FNDA:0,(anonymous_28)
DA:17,0
DA:19,0
DA:24,0
DA:27,0
DA:30,0
DA:80,0
DA:92,0
DA:93,0
DA:98,0
DA:99,0
DA:101,0
DA:102,0
DA:105,0
DA:106,0
DA:107,0
DA:110,0
DA:111,0
DA:113,0
DA:114,0
DA:133,0
DA:134,0
DA:153,0
DA:154,0
DA:173,0
DA:176,0
DA:182,0
DA:185,0
DA:186,0
DA:187,0
DA:189,0
DA:194,0
DA:195,0
DA:197,0
DA:198,0
DA:203,0
DA:204,0
DA:205,0
DA:206,0
DA:207,0
DA:209,0
DA:212,0
DA:213,0
DA:214,0
DA:216,0
DA:217,0
DA:219,0
DA:220,0
DA:221,0
DA:225,0
DA:226,0
DA:227,0
DA:229,0
DA:230,0
DA:232,0
DA:233,0
DA:235,0
DA:241,0
DA:242,0
DA:243,0
DA:245,0
DA:246,0
DA:248,0
DA:249,0
DA:250,0
DA:255,0
DA:256,0
DA:258,0
DA:261,0
DA:263,0
DA:264,0
DA:266,0
DA:267,0
DA:270,0
DA:275,0
DA:276,0
DA:277,0
DA:281,0
DA:283,0
DA:286,0
DA:294,0
DA:298,0
DA:300,0
DA:301,0
DA:302,0
DA:315,0
DA:316,0
DA:317,0
DA:318,0
DA:319,0
DA:322,0
DA:323,0
DA:327,0
DA:330,0
LF:93
LH:0
BRDA:101,0,0,0
BRDA:101,0,1,0
BRDA:101,1,0,0
BRDA:101,1,1,0
BRDA:106,2,0,0
BRDA:106,2,1,0
BRDA:106,3,0,0
BRDA:106,3,1,0
BRDA:111,4,0,0
BRDA:111,4,1,0
BRDA:111,4,2,0
BRDA:111,4,3,0
BRDA:177,5,0,0
BRDA:177,5,1,0
BRDA:194,6,0,0
BRDA:194,6,1,0
BRDA:216,7,0,0
BRDA:216,7,1,0
BRDA:216,8,0,0
BRDA:216,8,1,0
BRDA:229,9,0,0
BRDA:229,9,1,0
BRDA:229,10,0,0
BRDA:229,10,1,0
BRDA:245,11,0,0
BRDA:245,11,1,0
BRDA:245,12,0,0
BRDA:245,12,1,0
BRDA:261,13,0,0
BRDA:261,13,1,0
BRDA:261,14,0,0
BRDA:261,14,1,0
BRDA:264,15,0,0
BRDA:264,15,1,0
BRDA:264,16,0,0
BRDA:264,16,1,0
BRDA:276,17,0,0
BRDA:276,17,1,0
BRDA:301,18,0,0
BRDA:301,18,1,0
BRDA:317,19,0,0
BRDA:317,19,1,0
BRDA:317,20,0,0
BRDA:317,20,1,0
BRF:44
BRH:0
end_of_record
TN:
SF:src/index.ts
FN:8,(anonymous_0)
FNF:1
FNH:0
FNDA:0,(anonymous_0)
DA:4,0
DA:6,0
DA:8,0
DA:9,0
LF:4
LH:0
BRF:0
BRH:0
end_of_record
TN:
SF:src/utils.ts
FN:1,(anonymous_0)
FN:2,(anonymous_1)
FN:6,(anonymous_2)
FN:8,(anonymous_3)
FNF:4
FNH:0
FNDA:0,(anonymous_0)
FNDA:0,(anonymous_1)
FNDA:0,(anonymous_2)
FNDA:0,(anonymous_3)
DA:1,0
DA:2,0
DA:3,0
DA:6,0
DA:7,0
DA:8,0
LF:6
LH:0
BRF:0
BRH:0
end_of_record
