TN:
SF:src/aircraft.ts
FNF:0
FNH:0
DA:5,0
LF:1
LH:0
BRF:0
BRH:0
end_of_record
TN:
SF:src/airlines.ts
FN:7,(anonymous_0)
FNF:1
FNH:0
FNDA:0,(anonymous_0)
DA:7,0
DA:8,0
DA:10,0
LF:3
LH:0
BRDA:8,0,0,0
BRDA:8,0,1,0
BRF:2
BRH:0
end_of_record
TN:
SF:src/airports.ts
FN:5,(anonymous_0)
FNF:1
FNH:0
FNDA:0,(anonymous_0)
DA:5,0
DA:6,0
DA:8,0
DA:9,0
DA:13,0
DA:17,0
LF:6
LH:0
BRDA:8,0,0,0
BRDA:8,0,1,0
BRF:2
BRH:0
end_of_record
TN:
SF:src/api.ts
FN:20,(anonymous_8)
FN:28,(anonymous_9)
FN:34,(anonymous_10)
FN:34,(anonymous_11)
FN:43,(anonymous_12)
FN:43,(anonymous_13)
FN:56,(anonymous_14)
FN:56,(anonymous_15)
FN:72,(anonymous_16)
FN:72,(anonymous_17)
FNF:10
FNH:10
FNDA:18,(anonymous_8)
FNDA:45,(anonymous_9)
FNDA:1,(anonymous_10)
FNDA:1,(anonymous_11)
FNDA:9,(anonymous_12)
FNDA:9,(anonymous_13)
FNDA:8,(anonymous_14)
FNDA:8,(anonymous_15)
FNDA:7,(anonymous_16)
FNDA:7,(anonymous_17)
DA:1,1
DA:2,1
DA:3,1
DA:4,1
DA:5,1
DA:6,1
DA:8,1
DA:10,1
DA:15,1
DA:17,1
DA:18,1
DA:20,1
DA:25,18
DA:26,3
DA:28,15
DA:29,45
DA:34,1
DA:35,1
DA:36,1
DA:37,1
DA:38,1
DA:40,1
DA:43,9
DA:44,9
DA:45,9
DA:47,9
DA:48,2
DA:50,7
DA:51,7
DA:52,7
DA:56,8
DA:57,8
DA:58,8
DA:60,8
DA:61,2
DA:63,6
DA:64,6
DA:66,6
DA:72,7
DA:73,7
DA:74,7
DA:76,7
DA:77,2
DA:79,5
DA:80,5
DA:81,5
DA:85,1
LF:47
LH:47
BRDA:25,0,0,3
BRDA:25,0,1,15
BRDA:47,1,0,2
BRDA:47,1,1,7
BRDA:47,2,0,9
BRDA:47,2,1,8
BRDA:60,3,0,2
BRDA:60,3,1,6
BRDA:60,4,0,8
BRDA:60,4,1,7
BRDA:76,5,0,2
BRDA:76,5,1,5
BRDA:76,6,0,7
BRDA:76,6,1,6
BRF:14
BRH:14
end_of_record
TN:
SF:src/utils.ts
FN:1,(anonymous_0)
FN:2,(anonymous_1)
FN:6,(anonymous_2)
FN:8,(anonymous_3)
FNF:4
FNH:4
FNDA:17,(anonymous_0)
FNDA:17,(anonymous_1)
FNDA:8,(anonymous_2)
FNDA:17,(anonymous_3)
DA:1,1
DA:2,17
DA:3,17
DA:6,1
DA:7,8
DA:8,17
LF:6
LH:6
BRF:0
BRH:0
end_of_record
